#! /usr/local/iverilog/bin/vvp
:ivl_version "11.0 (devel)" "(s20150603-612-ga9388a89)";
:ivl_delay_selection "TYPICAL";
:vpi_time_precision + 0;
:vpi_module "system";
:vpi_module "vhdl_sys";
:vpi_module "vhdl_textio";
:vpi_module "v2005_math";
:vpi_module "va_math";
S_0000000000832bc0 .scope module, "top" "top" 2 1;
 .timescale 0 0;
    .port_info 0 /OUTPUT 10 "LEDR";
    .port_info 1 /INPUT 10 "SW";
o0000000000866b98 .functor BUFZ 10, C4<zzzzzzzzzz>; HiZ drive
L_0000000000832df0 .functor BUFZ 10, o0000000000866b98, C4<0000000000>, C4<0000000000>, C4<0000000000>;
v0000000000864240_0 .net "LEDR", 9 0, L_0000000000832df0;  1 drivers
v0000000000832d50_0 .net "SW", 9 0, o0000000000866b98;  0 drivers
# The file index is used to find the file name in the following table.
:file_names 3;
    "N/A";
    "<interactive>";
    "top.v";
